{"D:/FILE/vue源码/v3_ds/src/components/button/Button.vue": {"path":"D:/FILE/vue源码/v3_ds/src/components/button/Button.vue","statementMap":{"0":{"start":{"line":12,"column":0},"end":{"line":12,"column":null}},"1":{"start":{"line":14,"column":0},"end":{"line":14,"column":null}},"2":{"start":{"line":18,"column":11},"end":{"line":18,"column":15}},"3":{"start":{"line":20,"column":2},"end":{"line":20,"column":6}}},"fnMap":{"0":{"name":"tabShow","decl":{"start":{"line":19,"column":9},"end":{"line":19,"column":16}},"loc":{"start":{"line":19,"column":16},"end":{"line":21,"column":null}}}},"branchMap":{},"s":{"0":1,"1":1,"2":1,"3":0},"f":{"0":0},"b":{}}
}
